<?xml version="1.0" encoding="UTF-8"?>
<!-- Generated by org.testng.reporters.JUnitXMLReporter -->
<testsuite ignored="2" hostname="EM-025-MLAKSHMI" failures="0" tests="1" name="Default test" time="7.323" errors="0" timestamp="2024-07-23T23:36:34 IST">
  <testcase classname="testscripts.AdminUsersTest" name="verifyWhetherUserAbleToAddANewUser" time="2.585"/>
  <testcase classname="testscripts.AdminUsersTest" name="verifyWhetherUserAbleToFindTheSearchedElementInAdminUsers" time="0.0">
    <ignored/>
  </testcase> <!-- verifyWhetherUserAbleToFindTheSearchedElementInAdminUsers -->
  <testcase classname="testscripts.AdminUsersTest" name="verifyWhetherUserAbleToResetTheSearchedElement" time="0.0">
    <ignored/>
  </testcase> <!-- verifyWhetherUserAbleToResetTheSearchedElement -->
</testsuite> <!-- Default test -->
