<?xml version="1.0" encoding="UTF-8"?>
<!-- Generated by org.testng.reporters.JUnitXMLReporter -->
<testsuite ignored="0" hostname="DESKTOP-5CQMHN1" failures="1" tests="1" name="EdgeTest" time="10.753" errors="0" timestamp="2024-08-01T16:16:48 IST">
  <testcase classname="testscripts.SubCategoryTest" name="verifyUserAbleToUploadFile" time="0.522">
    <failure type="java.lang.RuntimeException" message="Excel sheet not found">
      <![CDATA[java.lang.RuntimeException: Excel sheet not found
at utilities.ExcelUtility.readStringData(ExcelUtility.java:31)
at testscripts.SubCategoryTest.verifyUserAbleToUploadFile(SubCategoryTest.java:17)
at java.base/java.util.ArrayList.forEach(ArrayList.java:1597)
at java.base/java.util.concurrent.FutureTask.run(FutureTask.java:317)
at java.base/java.util.concurrent.ThreadPoolExecutor.runWorker(ThreadPoolExecutor.java:1144)
at java.base/java.util.concurrent.ThreadPoolExecutor$Worker.run(ThreadPoolExecutor.java:642)
at java.base/java.lang.Thread.run(Thread.java:1570)
... Removed 15 stack frames]]>
    </failure>
  </testcase> <!-- verifyUserAbleToUploadFile -->
</testsuite> <!-- EdgeTest -->
