<?xml version="1.0" encoding="UTF-8"?>
<!-- Generated by org.testng.reporters.JUnitXMLReporter -->
<testsuite ignored="2" hostname="DESKTOP-5CQMHN1" failures="0" tests="2" name="Test" time="14.789" errors="0" timestamp="2024-08-07T11:24:15 IST">
  <testcase classname="testscripts.AdminUsersTest" name="verifyWhetherUserAbleToFindTheSearchedElementInAdminUsers" time="4.046"/>
  <testcase classname="testscripts.AdminUsersTest" name="verifyWhetherUserAbleToResetTheSearchedElement" time="2.705"/>
  <testcase classname="testscripts.AdminUsersTest" name="verifyWhetherUserAbleToAddANewUser" time="0.0">
    <ignored/>
  </testcase> <!-- verifyWhetherUserAbleToAddANewUser -->
  <testcase classname="testscripts.AdminUsersTest" name="verifyUserAbleToFindALockedUser" time="0.0">
    <ignored/>
  </testcase> <!-- verifyUserAbleToFindALockedUser -->
</testsuite> <!-- Test -->
