<?xml version="1.0" encoding="UTF-8"?>
<testng-results ignored="0" total="1" passed="1" failed="0" skipped="0">
  <reporter-output>
  </reporter-output>
  <suite started-at="2024-07-23T23:36:27 IST" name="Default suite" finished-at="2024-07-23T23:36:34 IST" duration-ms="7323">
    <groups>
    </groups>
    <test started-at="2024-07-23T23:36:27 IST" name="Default test" finished-at="2024-07-23T23:36:34 IST" duration-ms="7323">
      <class name="testscripts.AdminUsersTest">
        <test-method is-config="true" signature="initialBrowser()[pri:0, instance:testscripts.AdminUsersTest@74fe5c40]" started-at="2024-07-23T23:36:27 IST" name="initialBrowser" finished-at="2024-07-23T23:36:31 IST" duration-ms="4460" status="PASS">
          <reporter-output>
          </reporter-output>
        </test-method> <!-- initialBrowser -->
        <test-method signature="verifyWhetherUserAbleToAddANewUser()[pri:0, instance:testscripts.AdminUsersTest@74fe5c40]" started-at="2024-07-23T23:36:31 IST" name="verifyWhetherUserAbleToAddANewUser" finished-at="2024-07-23T23:36:34 IST" duration-ms="2585" status="PASS">
          <reporter-output>
          </reporter-output>
        </test-method> <!-- verifyWhetherUserAbleToAddANewUser -->
        <test-method is-config="true" signature="quit()[pri:0, instance:testscripts.AdminUsersTest@74fe5c40]" started-at="2024-07-23T23:36:34 IST" name="quit" finished-at="2024-07-23T23:36:34 IST" duration-ms="239" status="PASS">
          <reporter-output>
          </reporter-output>
        </test-method> <!-- quit -->
      </class> <!-- testscripts.AdminUsersTest -->
    </test> <!-- Default test -->
  </suite> <!-- Default suite -->
</testng-results>
